Starting a Gradle Daemon, 1 busy Daemon could not be reused, use --status for details
> Task :processResources UP-TO-DATE
> Task :quarkusGenerateAppModel UP-TO-DATE
> Task :quarkusGenerateCode UP-TO-DATE
> Task :quarkusGenerateDevAppModel UP-TO-DATE
> Task :quarkusGenerateCodeDev UP-TO-DATE
> Task :compileJava UP-TO-DATE
> Task :classes UP-TO-DATE
> Task :processTestResources NO-SOURCE
> Task :compileQuarkusTestGeneratedSourcesJava NO-SOURCE
> Task :quarkusGenerateTestAppModel UP-TO-DATE
> Task :quarkusGenerateCodeTests UP-TO-DATE
> Task :compileTestJava UP-TO-DATE
> Task :testClasses UP-TO-DATE

> Task :quarkusDev
Changed debug port to 32985 because of a port conflict
Listening for transport dt_socket at address: 32985
Press [[94me[39m] to edit command line args (currently '[32m[39m'), [[94mh[39m] for more options>
[94mTests paused[39m
Press [[94me[39m] to edit command line args (currently '[32m[39m'), [[94mr[39m] to resume testing, [[94mh[39m] for more options>
Press [[94me[39m] to edit command line args (currently '[32m[39m'), [[94mr[39m] to resume testing, [[94mo[39m] Toggle test output, [[94mh[39m] for more options>
[38;5;145m2026-02-28 01:00:52,590[39m[38;5;188m [39m[38;5;137mWARN [39m[38;5;188m [[39m[38;5;69mio.quarkus.datasource.deployment.devservices.DevServicesDatasourceProcessor[39m[38;5;188m] ([39m[38;5;71mbuild-9[39m[38;5;188m) [39m[38;5;151mUnable to start Dev Services for default datasource as this datasource type (other) does not support Dev Services[39m[38;5;203m[39m[38;5;227m
[39m__  ____  __  _____   ___  __ ____  ______ 
 --/ __ \/ / / / _ | / _ \/ //_/ / / / __/ 
 -/ /_/ / /_/ / __ |/ , _/ ,< / /_/ /\ \   
--\___\_\____/_/ |_/_/|_/_/|_|\____/___/   
[38;5;145m2026-02-28 01:00:58,966[39m[38;5;188m [39m[38;5;137mWARN [39m[38;5;188m [[39m[38;5;69mio.quarkus.config[39m[38;5;188m] ([39m[38;5;71mQuarkus Main Thread[39m[38;5;188m) [39m[38;5;151m[39mThe "[38;5;188mquarkus.hibernate-orm.database.generation[39m" config property is deprecated and should not be used anymore.[39m[38;5;203m[39m[38;5;227m
[39m[38;5;145m2026-02-28 01:00:59,552[39m[38;5;188m [39m[38;5;137mWARN [39m[38;5;188m [[39m[38;5;69mio.quarkus.agroal.runtime.AgroalConnectionConfigurer[39m[38;5;188m] ([39m[38;5;71mJPA Startup Thread[39m[38;5;188m) [39m[38;5;151mAgroal does not support detecting if a connection is still usable after an exception for database kind: other[39m[38;5;203m[39m[38;5;227m
[39mWARNING: A restricted method in java.lang.System has been called
WARNING: java.lang.System::load has been called by org.sqlite.SQLiteJDBCLoader in an unnamed module (file:/home/nader/.gradle/caches/modules-2/files-2.1/org.xerial/sqlite-jdbc/3.45.1.0/7cd66c2793e4d9511f6da8fc6c621575171c2da1/sqlite-jdbc-3.45.1.0.jar)
WARNING: Use --enable-native-access=ALL-UNNAMED to avoid a warning for callers in this module
WARNING: Restricted methods will be blocked in a future release unless native access is enabled

[38;5;145m2026-02-28 01:01:01,323[39m[38;5;188m [39m[38;5;107mINFO [39m[38;5;188m [[39m[38;5;69mio.dist.storage.PersistenceManager[39m[38;5;188m] ([39m[38;5;71mQuarkus Main Thread[39m[38;5;188m) [39m[38;5;151mBroker starting, recovering messages from database...[39m[38;5;203m[39m[38;5;227m
[39m[35m[Hibernate][0m 
    [34mselect[0m
        m1_0.id,
        m1_0.deliveryCount,
        m1_0.exchange,
        m1_0.payload,
        m1_0.queueName,
        m1_0.routingKey,
        m1_0.status,
        m1_0.[34mtimestamp[0m 
    [34mfrom[0m
        messages m1_0 
    [34mwhere[0m
        m1_0.status<>? 
        [34mand[0m m1_0.status<>?
[38;5;145m2026-02-28 01:01:02,450[39m[38;5;188m [39m[38;5;107mINFO [39m[38;5;188m [[39m[38;5;69mio.dist.storage.PersistenceManager[39m[38;5;188m] ([39m[38;5;71mQuarkus Main Thread[39m[38;5;188m) [39m[38;5;151mFound 2 messages in database for recovery.[39m[38;5;203m[39m[38;5;227m
[39m[38;5;145m2026-02-28 01:01:02,631[39m[38;5;188m [39m[38;5;107mINFO [39m[38;5;188m [[39m[38;5;69mio.dist.cluster.RaftService[39m[38;5;188m] ([39m[38;5;71mQuarkus Main Thread[39m[38;5;188m) [39m[38;5;151m[39mStarting Raft Node: [38;5;188mnode1[39m at [38;5;188mlocalhost:9851[39m[39m[38;5;203m[39m[38;5;227m
[39m[38;5;145m2026-02-28 01:01:02,673[39m[38;5;188m [39m[38;5;107mINFO [39m[38;5;188m [[39m[38;5;69mio.dist.cluster.RaftService[39m[38;5;188m] ([39m[38;5;71mQuarkus Main Thread[39m[38;5;188m) [39m[38;5;151m[39mUsing Raft storage directory: [38;5;188m/dev/shm/smq-raft-node1-8811013681370577103[39m[39m[38;5;203m[39m[38;5;227m
[39m[35m[Hibernate][0m 
    [34mselect[0m
        rm1_0.nodeId,
        rm1_0.currentTerm,
        rm1_0.lastAppliedIndex,
        rm1_0.lastAppliedTerm,
        rm1_0.votedFor 
    [34mfrom[0m
        raft_metadata rm1_0 
    [34mwhere[0m
        rm1_0.nodeId=?
[38;5;145m2026-02-28 01:01:02,737[39m[38;5;188m [39m[38;5;107mINFO [39m[38;5;188m [[39m[38;5;69morg.apache.ratis.server.RaftServer[39m[38;5;188m] ([39m[38;5;71mQuarkus Main Thread[39m[38;5;188m) [39m[38;5;151mraft.rpc.type = GRPC (default)[39m[38;5;203m[39m[38;5;227m
[39m[38;5;145m2026-02-28 01:01:02,886[39m[38;5;188m [39m[38;5;107mINFO [39m[38;5;188m [[39m[38;5;69morg.apache.ratis.grpc.GrpcConfigKeys[39m[38;5;188m] ([39m[38;5;71mQuarkus Main Thread[39m[38;5;188m) [39m[38;5;151mraft.grpc.admin.host = null (fallback to raft.grpc.server.host)[39m[38;5;203m[39m[38;5;227m
[39m[38;5;145m2026-02-28 01:01:02,890[39m[38;5;188m [39m[38;5;107mINFO [39m[38;5;188m [[39m[38;5;69morg.apache.ratis.grpc.GrpcConfigKeys[39m[38;5;188m] ([39m[38;5;71mQuarkus Main Thread[39m[38;5;188m) [39m[38;5;151mraft.grpc.admin.port = 9851 (fallback to raft.grpc.server.port)[39m[38;5;203m[39m[38;5;227m
[39m[38;5;145m2026-02-28 01:01:02,892[39m[38;5;188m [39m[38;5;107mINFO [39m[38;5;188m [[39m[38;5;69morg.apache.ratis.grpc.GrpcConfigKeys[39m[38;5;188m] ([39m[38;5;71mQuarkus Main Thread[39m[38;5;188m) [39m[38;5;151mraft.grpc.client.host = null (fallback to raft.grpc.server.host)[39m[38;5;203m[39m[38;5;227m
[39m[38;5;145m2026-02-28 01:01:02,895[39m[38;5;188m [39m[38;5;107mINFO [39m[38;5;188m [[39m[38;5;69morg.apache.ratis.grpc.GrpcConfigKeys[39m[38;5;188m] ([39m[38;5;71mQuarkus Main Thread[39m[38;5;188m) [39m[38;5;151mraft.grpc.client.port = 9851 (fallback to raft.grpc.server.port)[39m[38;5;203m[39m[38;5;227m
[39m[38;5;145m2026-02-28 01:01:02,897[39m[38;5;188m [39m[38;5;107mINFO [39m[38;5;188m [[39m[38;5;69morg.apache.ratis.grpc.GrpcConfigKeys[39m[38;5;188m] ([39m[38;5;71mQuarkus Main Thread[39m[38;5;188m) [39m[38;5;151mraft.grpc.server.host = null (default)[39m[38;5;203m[39m[38;5;227m
[39m[38;5;145m2026-02-28 01:01:02,900[39m[38;5;188m [39m[38;5;107mINFO [39m[38;5;188m [[39m[38;5;69morg.apache.ratis.grpc.GrpcConfigKeys[39m[38;5;188m] ([39m[38;5;71mQuarkus Main Thread[39m[38;5;188m) [39m[38;5;151mraft.grpc.server.port = 9851 (custom)[39m[38;5;203m[39m[38;5;227m
[39m[38;5;145m2026-02-28 01:01:02,904[39m[38;5;188m [39m[38;5;107mINFO [39m[38;5;188m [[39m[38;5;69morg.apache.ratis.grpc.server.GrpcService[39m[38;5;188m] ([39m[38;5;71mQuarkus Main Thread[39m[38;5;188m) [39m[38;5;151mraft.grpc.message.size.max = 64MB (=67108864) (default)[39m[38;5;203m[39m[38;5;227m
[39m[38;5;145m2026-02-28 01:01:02,910[39m[38;5;188m [39m[38;5;107mINFO [39m[38;5;188m [[39m[38;5;69morg.apache.ratis.server.RaftServerConfigKeys[39m[38;5;188m] ([39m[38;5;71mQuarkus Main Thread[39m[38;5;188m) [39m[38;5;151mraft.server.log.appender.buffer.byte-limit = 4MB (=4194304) (default)[39m[38;5;203m[39m[38;5;227m
[39m[38;5;145m2026-02-28 01:01:02,914[39m[38;5;188m [39m[38;5;107mINFO [39m[38;5;188m [[39m[38;5;69morg.apache.ratis.grpc.server.GrpcService[39m[38;5;188m] ([39m[38;5;71mQuarkus Main Thread[39m[38;5;188m) [39m[38;5;151mraft.grpc.flow.control.window = 1MB (=1048576) (default)[39m[38;5;203m[39m[38;5;227m
[39m[38;5;145m2026-02-28 01:01:02,921[39m[38;5;188m [39m[38;5;107mINFO [39m[38;5;188m [[39m[38;5;69morg.apache.ratis.server.RaftServerConfigKeys[39m[38;5;188m] ([39m[38;5;71mQuarkus Main Thread[39m[38;5;188m) [39m[38;5;151mraft.server.rpc.request.timeout = 3000ms (default)[39m[38;5;203m[39m[38;5;227m
[39m[38;5;145m2026-02-28 01:01:02,934[39m[38;5;188m [39m[38;5;107mINFO [39m[38;5;188m [[39m[38;5;69morg.apache.ratis.grpc.GrpcConfigKeys[39m[38;5;188m] ([39m[38;5;71mQuarkus Main Thread[39m[38;5;188m) [39m[38;5;151mraft.grpc.server.heartbeat.channel = true (default)[39m[38;5;203m[39m[38;5;227m
[39m[38;5;145m2026-02-28 01:01:02,949[39m[38;5;188m [39m[38;5;107mINFO [39m[38;5;188m [[39m[38;5;69morg.apache.ratis.grpc.GrpcConfigKeys[39m[38;5;188m] ([39m[38;5;71mQuarkus Main Thread[39m[38;5;188m) [39m[38;5;151mraft.grpc.server.async.request.thread.pool.cached = true (default)[39m[38;5;203m[39m[38;5;227m
[39m[38;5;145m2026-02-28 01:01:02,950[39m[38;5;188m [39m[38;5;107mINFO [39m[38;5;188m [[39m[38;5;69morg.apache.ratis.grpc.GrpcConfigKeys[39m[38;5;188m] ([39m[38;5;71mQuarkus Main Thread[39m[38;5;188m) [39m[38;5;151mraft.grpc.server.async.request.thread.pool.size = 32 (default)[39m[38;5;203m[39m[38;5;227m
[39m[38;5;145m2026-02-28 01:01:02,751[39m[38;5;188m [39m[38;5;107mINFO [39m[38;5;188m [[39m[38;5;69morg.apache.ratis.server.impl.DataStreamServerImpl[39m[38;5;188m] ([39m[38;5;71mQuarkus Main Thread[39m[38;5;188m) [39m[38;5;151mraft.datastream.type = DISABLED (default)[39m[38;5;203m[39m[38;5;227m
[39m[38;5;145m2026-02-28 01:01:02,754[39m[38;5;188m [39m[38;5;107mINFO [39m[38;5;188m [[39m[38;5;69morg.apache.ratis.server.RaftServerConfigKeys[39m[38;5;188m] ([39m[38;5;71mQuarkus Main Thread[39m[38;5;188m) [39m[38;5;151mraft.server.sleep.deviation.threshold = 300ms (default)[39m[38;5;203m[39m[38;5;227m
[39m[38;5;145m2026-02-28 01:01:02,756[39m[38;5;188m [39m[38;5;107mINFO [39m[38;5;188m [[39m[38;5;69morg.apache.ratis.server.RaftServerConfigKeys[39m[38;5;188m] ([39m[38;5;71mQuarkus Main Thread[39m[38;5;188m) [39m[38;5;151mraft.server.close.threshold = 60s (default)[39m[38;5;203m[39m[38;5;227m
[39m[38;5;145m2026-02-28 01:01:02,758[39m[38;5;188m [39m[38;5;107mINFO [39m[38;5;188m [[39m[38;5;69morg.apache.ratis.server.RaftServerConfigKeys[39m[38;5;188m] ([39m[38;5;71mQuarkus Main Thread[39m[38;5;188m) [39m[38;5;151mraft.server.leaderelection.leader.step-down.wait-time = 10s (default)[39m[38;5;203m[39m[38;5;227m
[39m[38;5;145m2026-02-28 01:01:02,767[39m[38;5;188m [39m[38;5;107mINFO [39m[38;5;188m [[39m[38;5;69morg.apache.ratis.server.RaftServerConfigKeys[39m[38;5;188m] ([39m[38;5;71mQuarkus Main Thread[39m[38;5;188m) [39m[38;5;151mraft.server.storage.dir = [/dev/shm/smq-raft-node1-8811013681370577103] (custom)[39m[38;5;203m[39m[38;5;227m
[39m[38;5;145m2026-02-28 01:01:02,769[39m[38;5;188m [39m[38;5;107mINFO [39m[38;5;188m [[39m[38;5;69morg.apache.ratis.server.RaftServerConfigKeys[39m[38;5;188m] ([39m[38;5;71mQuarkus Main Thread[39m[38;5;188m) [39m[38;5;151mraft.server.threadpool.proxy.cached = true (default)[39m[38;5;203m[39m[38;5;227m
[39m[38;5;145m2026-02-28 01:01:02,771[39m[38;5;188m [39m[38;5;107mINFO [39m[38;5;188m [[39m[38;5;69morg.apache.ratis.server.RaftServerConfigKeys[39m[38;5;188m] ([39m[38;5;71mQuarkus Main Thread[39m[38;5;188m) [39m[38;5;151mraft.server.threadpool.proxy.size = 0 (default)[39m[38;5;203m[39m[38;5;227m
[39m[38;5;145m2026-02-28 01:01:02,792[39m[38;5;188m [39m[38;5;107mINFO [39m[38;5;188m [[39m[38;5;69morg.apache.ratis.server.RaftServer[39m[38;5;188m] ([39m[38;5;71mQuarkus Main Thread[39m[38;5;188m) [39m[38;5;151mnode1: addNew group-A2EED2EFC166:[node1|localhost:9851] returns group-A2EED2EFC166:java.util.concurrent.CompletableFuture@460c6d[Not completed][39m[38;5;203m[39m[38;5;227m
[39m[38;5;145m2026-02-28 01:01:02,793[39m[38;5;188m [39m[38;5;107mINFO [39m[38;5;188m [[39m[38;5;69mio.dist.cluster.RaftService[39m[38;5;188m] ([39m[38;5;71mQuarkus Main Thread[39m[38;5;188m) [39m[38;5;151m[39mStarting Raft server [38;5;188mnode1[39m...[39m[38;5;203m[39m[38;5;227m
[39m[38;5;145m2026-02-28 01:01:02,800[39m[38;5;188m [39m[38;5;107mINFO [39m[38;5;188m [[39m[38;5;69mio.dist.cluster.RaftService[39m[38;5;188m] ([39m[38;5;71mnode1-groupManagement[39m[38;5;188m) [39m[38;5;151m[39mCreating StateMachine for group [38;5;188mgroup-A2EED2EFC166[39m[39m[38;5;203m[39m[38;5;227m
[39m[38;5;145m2026-02-28 01:01:02,807[39m[38;5;188m [39m[38;5;107mINFO [39m[38;5;188m [[39m[38;5;69morg.apache.ratis.server.RaftServer$Division[39m[38;5;188m] ([39m[38;5;71mnode1-groupManagement[39m[38;5;188m) [39m[38;5;151mnode1: new RaftServerImpl for group-A2EED2EFC166:[node1|localhost:9851] with SimpleStateMachine:uninitialized[39m[38;5;203m[39m[38;5;227m
[39m[38;5;145m2026-02-28 01:01:02,809[39m[38;5;188m [39m[38;5;107mINFO [39m[38;5;188m [[39m[38;5;69morg.apache.ratis.server.RaftServerConfigKeys[39m[38;5;188m] ([39m[38;5;71mnode1-groupManagement[39m[38;5;188m) [39m[38;5;151mraft.server.rpc.timeout.min = 150ms (default)[39m[38;5;203m[39m[38;5;227m
[39m[38;5;145m2026-02-28 01:01:02,810[39m[38;5;188m [39m[38;5;107mINFO [39m[38;5;188m [[39m[38;5;69morg.apache.ratis.server.RaftServerConfigKeys[39m[38;5;188m] ([39m[38;5;71mnode1-groupManagement[39m[38;5;188m) [39m[38;5;151mraft.server.rpc.timeout.max = 300ms (default)[39m[38;5;203m[39m[38;5;227m
[39m[38;5;145m2026-02-28 01:01:02,811[39m[38;5;188m [39m[38;5;107mINFO [39m[38;5;188m [[39m[38;5;69morg.apache.ratis.server.RaftServerConfigKeys[39m[38;5;188m] ([39m[38;5;71mnode1-groupManagement[39m[38;5;188m) [39m[38;5;151mraft.server.rpc.sleep.time = 25ms (default)[39m[38;5;203m[39m[38;5;227m
[39m[38;5;145m2026-02-28 01:01:02,812[39m[38;5;188m [39m[38;5;107mINFO [39m[38;5;188m [[39m[38;5;69morg.apache.ratis.server.RaftServerConfigKeys[39m[38;5;188m] ([39m[38;5;71mnode1-groupManagement[39m[38;5;188m) [39m[38;5;151mraft.server.rpc.slowness.timeout = 60s (default)[39m[38;5;203m[39m[38;5;227m
[39m[38;5;145m2026-02-28 01:01:02,813[39m[38;5;188m [39m[38;5;107mINFO [39m[38;5;188m [[39m[38;5;69morg.apache.ratis.server.RaftServerConfigKeys[39m[38;5;188m] ([39m[38;5;71mnode1-groupManagement[39m[38;5;188m) [39m[38;5;151mraft.server.leaderelection.leader.step-down.wait-time = 10s (default)[39m[38;5;203m[39m[38;5;227m
[39m[38;5;145m2026-02-28 01:01:02,815[39m[38;5;188m [39m[38;5;107mINFO [39m[38;5;188m [[39m[38;5;69morg.apache.ratis.server.RaftServerConfigKeys[39m[38;5;188m] ([39m[38;5;71mnode1-groupManagement[39m[38;5;188m) [39m[38;5;151mraft.server.leaderelection.member.majority-add = false (default)[39m[38;5;203m[39m[38;5;227m
[39m[38;5;145m2026-02-28 01:01:02,816[39m[38;5;188m [39m[38;5;107mINFO [39m[38;5;188m [[39m[38;5;69morg.apache.ratis.server.RaftServerConfigKeys[39m[38;5;188m] ([39m[38;5;71mnode1-groupManagement[39m[38;5;188m) [39m[38;5;151mraft.server.sleep.deviation.threshold = 300ms (default)[39m[38;5;203m[39m[38;5;227m
[39m[38;5;145m2026-02-28 01:01:02,823[39m[38;5;188m [39m[38;5;107mINFO [39m[38;5;188m [[39m[38;5;69morg.apache.ratis.server.RaftServer$Division[39m[38;5;188m] ([39m[38;5;71mnode1-groupManagement[39m[38;5;188m) [39m[38;5;151mnode1@group-A2EED2EFC166: ConfigurationManager, init=-1: peers:[node1|localhost:9851]|listeners:[], old=null, confs=<EMPTY_MAP>[39m[38;5;203m[39m[38;5;227m
[39m[38;5;145m2026-02-28 01:01:02,838[39m[38;5;188m [39m[38;5;107mINFO [39m[38;5;188m [[39m[38;5;69morg.apache.ratis.server.RaftServerConfigKeys[39m[38;5;188m] ([39m[38;5;71mnode1-groupManagement[39m[38;5;188m) [39m[38;5;151mraft.server.notification.no-leader.timeout = 60s (default)[39m[38;5;203m[39m[38;5;227m
[39m[38;5;145m2026-02-28 01:01:02,849[39m[38;5;188m [39m[38;5;107mINFO [39m[38;5;188m [[39m[38;5;69morg.apache.ratis.server.RaftServerConfigKeys[39m[38;5;188m] ([39m[38;5;71mnode1-groupManagement[39m[38;5;188m) [39m[38;5;151mraft.server.read.timeout = 10s (default)[39m[38;5;203m[39m[38;5;227m
[39m[38;5;145m2026-02-28 01:01:02,857[39m[38;5;188m [39m[38;5;107mINFO [39m[38;5;188m [[39m[38;5;69morg.apache.ratis.server.RaftServerConfigKeys[39m[38;5;188m] ([39m[38;5;71mnode1-groupManagement[39m[38;5;188m) [39m[38;5;151mraft.server.retrycache.expirytime = 60s (default)[39m[38;5;203m[39m[38;5;227m
[39m[38;5;145m2026-02-28 01:01:02,858[39m[38;5;188m [39m[38;5;107mINFO [39m[38;5;188m [[39m[38;5;69morg.apache.ratis.server.RaftServerConfigKeys[39m[38;5;188m] ([39m[38;5;71mnode1-groupManagement[39m[38;5;188m) [39m[38;5;151mraft.server.retrycache.statistics.expirytime = 100ms (default)[39m[38;5;203m[39m[38;5;227m
[39m[38;5;145m2026-02-28 01:01:02,872[39m[38;5;188m [39m[38;5;107mINFO [39m[38;5;188m [[39m[38;5;69morg.apache.ratis.server.RaftServerConfigKeys[39m[38;5;188m] ([39m[38;5;71mnode1-groupManagement[39m[38;5;188m) [39m[38;5;151mraft.server.read.option = DEFAULT (default)[39m[38;5;203m[39m[38;5;227m
[39m[38;5;145m2026-02-28 01:01:02,874[39m[38;5;188m [39m[38;5;107mINFO [39m[38;5;188m [[39m[38;5;69morg.apache.ratis.server.RaftServerConfigKeys[39m[38;5;188m] ([39m[38;5;71mnode1-groupManagement[39m[38;5;188m) [39m[38;5;151mraft.server.read.read-after-write-consistent.write-index-cache.expiry-time = 60s (default)[39m[38;5;203m[39m[38;5;227m
[39m[38;5;145m2026-02-28 01:01:02,889[39m[38;5;188m [39m[38;5;107mINFO [39m[38;5;188m [[39m[38;5;69morg.apache.ratis.metrics.MetricRegistries[39m[38;5;188m] ([39m[38;5;71mnode1-groupManagement[39m[38;5;188m) [39m[38;5;151mLoaded MetricRegistries class org.apache.ratis.metrics.impl.MetricRegistriesImpl[39m[38;5;203m[39m[38;5;227m
[39m[38;5;145m2026-02-28 01:01:03,156[39m[38;5;188m [39m[38;5;107mINFO [39m[38;5;188m [[39m[38;5;69morg.apache.ratis.server.RaftServerConfigKeys[39m[38;5;188m] ([39m[38;5;71mnode1-groupManagement[39m[38;5;188m) [39m[38;5;151mraft.server.rpc.request.timeout = 3000ms (default)[39m[38;5;203m[39m[38;5;227m
[39m[38;5;145m2026-02-28 01:01:03,172[39m[38;5;188m [39m[38;5;107mINFO [39m[38;5;188m [[39m[38;5;69morg.apache.ratis.server.RaftServerConfigKeys[39m[38;5;188m] ([39m[38;5;71mnode1-groupManagement[39m[38;5;188m) [39m[38;5;151mraft.server.log.appender.install.snapshot.enabled = true (default)[39m[38;5;203m[39m[38;5;227m
[39m[38;5;145m2026-02-28 01:01:03,173[39m[38;5;188m [39m[38;5;107mINFO [39m[38;5;188m [[39m[38;5;69morg.apache.ratis.server.RaftServerConfigKeys[39m[38;5;188m] ([39m[38;5;71mnode1-groupManagement[39m[38;5;188m) [39m[38;5;151mraft.server.threadpool.server.cached = true (default)[39m[38;5;203m[39m[38;5;227m
[39m[38;5;145m2026-02-28 01:01:03,175[39m[38;5;188m [39m[38;5;107mINFO [39m[38;5;188m [[39m[38;5;69morg.apache.ratis.server.RaftServerConfigKeys[39m[38;5;188m] ([39m[38;5;71mnode1-groupManagement[39m[38;5;188m) [39m[38;5;151mraft.server.threadpool.server.size = 0 (default)[39m[38;5;203m[39m[38;5;227m
[39m[38;5;145m2026-02-28 01:01:03,177[39m[38;5;188m [39m[38;5;107mINFO [39m[38;5;188m [[39m[38;5;69morg.apache.ratis.server.RaftServerConfigKeys[39m[38;5;188m] ([39m[38;5;71mnode1-groupManagement[39m[38;5;188m) [39m[38;5;151mraft.server.threadpool.client.cached = true (default)[39m[38;5;203m[39m[38;5;227m
[39m[38;5;145m2026-02-28 01:01:03,178[39m[38;5;188m [39m[38;5;107mINFO [39m[38;5;188m [[39m[38;5;69morg.apache.ratis.server.RaftServerConfigKeys[39m[38;5;188m] ([39m[38;5;71mnode1-groupManagement[39m[38;5;188m) [39m[38;5;151mraft.server.threadpool.client.size = 0 (default)[39m[38;5;203m[39m[38;5;227m
[39m[38;5;145m2026-02-28 01:01:03,182[39m[38;5;188m [39m[38;5;107mINFO [39m[38;5;188m [[39m[38;5;69morg.apache.ratis.server.RaftServerConfigKeys[39m[38;5;188m] ([39m[38;5;71mnode1-impl-thread1[39m[38;5;188m) [39m[38;5;151mraft.server.storage.free-space.min = 0MB (=0) (default)[39m[38;5;203m[39m[38;5;227m
[39m[38;5;145m2026-02-28 01:01:03,184[39m[38;5;188m [39m[38;5;107mINFO [39m[38;5;188m [[39m[38;5;69morg.apache.ratis.server.RaftServerConfigKeys[39m[38;5;188m] ([39m[38;5;71mnode1-impl-thread1[39m[38;5;188m) [39m[38;5;151mraft.server.log.corruption.policy = EXCEPTION (default)[39m[38;5;203m[39m[38;5;227m
[39m[38;5;145m2026-02-28 01:01:03,185[39m[38;5;188m [39m[38;5;107mINFO [39m[38;5;188m [[39m[38;5;69morg.apache.ratis.server.RaftServerConfigKeys[39m[38;5;188m] ([39m[38;5;71mnode1-impl-thread1[39m[38;5;188m) [39m[38;5;151mraft.server.storage.dir = [/dev/shm/smq-raft-node1-8811013681370577103] (custom)[39m[38;5;203m[39m[38;5;227m
[39m[38;5;145m2026-02-28 01:01:03,193[39m[38;5;188m [39m[38;5;107mINFO [39m[38;5;188m [[39m[38;5;69morg.apache.ratis.server.storage.RaftStorageDirectory[39m[38;5;188m] ([39m[38;5;71mnode1-impl-thread1[39m[38;5;188m) [39m[38;5;151mThe storage directory /dev/shm/smq-raft-node1-8811013681370577103/1272ae25-926f-3b27-8dcc-a2eed2efc166 does not exist. Creating ...[39m[38;5;203m[39m[38;5;227m
[39m[38;5;145m2026-02-28 01:01:03,206[39m[38;5;188m [39m[38;5;107mINFO [39m[38;5;188m [[39m[38;5;69morg.apache.ratis.server.storage.RaftStorageDirectory[39m[38;5;188m] ([39m[38;5;71mnode1-impl-thread1[39m[38;5;188m) [39m[38;5;151mLock on /dev/shm/smq-raft-node1-8811013681370577103/1272ae25-926f-3b27-8dcc-a2eed2efc166/in_use.lock acquired by nodename 713634@Nader[39m[38;5;203m[39m[38;5;227m
[39m[38;5;145m2026-02-28 01:01:03,229[39m[38;5;188m [39m[38;5;107mINFO [39m[38;5;188m [[39m[38;5;69morg.apache.ratis.server.storage.RaftStorage[39m[38;5;188m] ([39m[38;5;71mnode1-impl-thread1[39m[38;5;188m) [39m[38;5;151mStorage directory /dev/shm/smq-raft-node1-8811013681370577103/1272ae25-926f-3b27-8dcc-a2eed2efc166 has been successfully formatted.[39m[38;5;203m[39m[38;5;227m
[39m[38;5;145m2026-02-28 01:01:03,232[39m[38;5;188m [39m[38;5;137mWARN [39m[38;5;188m [[39m[38;5;69morg.apache.ratis.util.FileUtils[39m[38;5;188m] ([39m[38;5;71mnode1-impl-thread1[39m[38;5;188m) [39m[38;5;151mFailed to Files.newInputStream /dev/shm/smq-raft-node1-8811013681370577103/1272ae25-926f-3b27-8dcc-a2eed2efc166/current/raft-meta.conf with options []: java.nio.file.NoSuchFileException: /dev/shm/smq-raft-node1-8811013681370577103/1272ae25-926f-3b27-8dcc-a2eed2efc166/current/raft-meta.conf[39m[38;5;203m[39m[38;5;227m
[39m[38;5;145m2026-02-28 01:01:03,239[39m[38;5;188m [39m[38;5;107mINFO [39m[38;5;188m [[39m[38;5;69morg.apache.ratis.server.RaftServerConfigKeys[39m[38;5;188m] ([39m[38;5;71mnode1-impl-thread1[39m[38;5;188m) [39m[38;5;151mraft.server.log.use.memory = true (custom)[39m[38;5;203m[39m[38;5;227m
[39m[38;5;145m2026-02-28 01:01:03,249[39m[38;5;188m [39m[38;5;107mINFO [39m[38;5;188m [[39m[38;5;69morg.apache.ratis.server.RaftServerConfigKeys[39m[38;5;188m] ([39m[38;5;71mnode1-impl-thread1[39m[38;5;188m) [39m[38;5;151mraft.server.log.purge.gap = 1024 (default)[39m[38;5;203m[39m[38;5;227m
[39m[38;5;145m2026-02-28 01:01:03,250[39m[38;5;188m [39m[38;5;107mINFO [39m[38;5;188m [[39m[38;5;69morg.apache.ratis.server.RaftServerConfigKeys[39m[38;5;188m] ([39m[38;5;71mnode1-impl-thread1[39m[38;5;188m) [39m[38;5;151mraft.server.log.appender.buffer.byte-limit = 4MB (=4194304) (default)[39m[38;5;203m[39m[38;5;227m
[39m[38;5;145m2026-02-28 01:01:03,255[39m[38;5;188m [39m[38;5;107mINFO [39m[38;5;188m [[39m[38;5;69morg.apache.ratis.server.RaftServerConfigKeys[39m[38;5;188m] ([39m[38;5;71mnode1-impl-thread1[39m[38;5;188m) [39m[38;5;151mraft.server.log.statemachine.data.read.timeout = 1000ms (default)[39m[38;5;203m[39m[38;5;227m
[39m[38;5;145m2026-02-28 01:01:03,258[39m[38;5;188m [39m[38;5;107mINFO [39m[38;5;188m [[39m[38;5;69morg.apache.ratis.server.RaftServerConfigKeys[39m[38;5;188m] ([39m[38;5;71mnode1-impl-thread1[39m[38;5;188m) [39m[38;5;151mraft.server.log.purge.preservation.log.num = 0 (default)[39m[38;5;203m[39m[38;5;227m
[39m[38;5;145m2026-02-28 01:01:03,262[39m[38;5;188m [39m[38;5;107mINFO [39m[38;5;188m [[39m[38;5;69morg.apache.ratis.server.RaftServer$Division[39m[38;5;188m] ([39m[38;5;71mnode1-impl-thread1[39m[38;5;188m) [39m[38;5;151mnode1@group-A2EED2EFC166: start as a follower, conf=-1: peers:[node1|localhost:9851]|listeners:[], old=null[39m[38;5;203m[39m[38;5;227m
[39m[38;5;145m2026-02-28 01:01:03,264[39m[38;5;188m [39m[38;5;107mINFO [39m[38;5;188m [[39m[38;5;69morg.apache.ratis.server.RaftServer$Division[39m[38;5;188m] ([39m[38;5;71mnode1-impl-thread1[39m[38;5;188m) [39m[38;5;151mnode1@group-A2EED2EFC166: changes role from      null to FOLLOWER at term 0 for startAsFollower[39m[38;5;203m[39m[38;5;227m
[39m[38;5;145m2026-02-28 01:01:03,272[39m[38;5;188m [39m[38;5;107mINFO [39m[38;5;188m [[39m[38;5;69morg.apache.ratis.server.impl.RoleInfo[39m[38;5;188m] ([39m[38;5;71mnode1-impl-thread1[39m[38;5;188m) [39m[38;5;151mnode1: start node1@group-A2EED2EFC166-FollowerState[39m[38;5;203m[39m[38;5;227m
[39m[38;5;145m2026-02-28 01:01:03,275[39m[38;5;188m [39m[38;5;107mINFO [39m[38;5;188m [[39m[38;5;69morg.apache.ratis.server.RaftServerConfigKeys[39m[38;5;188m] ([39m[38;5;71mnode1@group-A2EED2EFC166-FollowerState[39m[38;5;188m) [39m[38;5;151mraft.server.rpc.first-election.timeout.min = 150ms (fallback to raft.server.rpc.timeout.min)[39m[38;5;203m[39m[38;5;227m
[39m[38;5;145m2026-02-28 01:01:03,276[39m[38;5;188m [39m[38;5;107mINFO [39m[38;5;188m [[39m[38;5;69morg.apache.ratis.util.JmxRegister[39m[38;5;188m] ([39m[38;5;71mnode1-impl-thread1[39m[38;5;188m) [39m[38;5;151mSuccessfully registered JMX Bean with object name Ratis:service=RaftServer,group=group-A2EED2EFC166,id=node1[39m[38;5;203m[39m[38;5;227m
[39m[38;5;145m2026-02-28 01:01:03,276[39m[38;5;188m [39m[38;5;107mINFO [39m[38;5;188m [[39m[38;5;69morg.apache.ratis.server.RaftServerConfigKeys[39m[38;5;188m] ([39m[38;5;71mnode1@group-A2EED2EFC166-FollowerState[39m[38;5;188m) [39m[38;5;151mraft.server.rpc.first-election.timeout.max = 300ms (fallback to raft.server.rpc.timeout.max)[39m[38;5;203m[39m[38;5;227m
[39m[38;5;145m2026-02-28 01:01:03,279[39m[38;5;188m [39m[38;5;107mINFO [39m[38;5;188m [[39m[38;5;69morg.apache.ratis.server.RaftServerConfigKeys[39m[38;5;188m] ([39m[38;5;71mnode1-impl-thread1[39m[38;5;188m) [39m[38;5;151mraft.server.snapshot.trigger-when-stop.enabled = true (default)[39m[38;5;203m[39m[38;5;227m
[39m[38;5;145m2026-02-28 01:01:03,280[39m[38;5;188m [39m[38;5;107mINFO [39m[38;5;188m [[39m[38;5;69morg.apache.ratis.server.RaftServerConfigKeys[39m[38;5;188m] ([39m[38;5;71mnode1-impl-thread1[39m[38;5;188m) [39m[38;5;151mraft.server.snapshot.auto.trigger.enabled = false (default)[39m[38;5;203m[39m[38;5;227m
[39m[38;5;145m2026-02-28 01:01:03,281[39m[38;5;188m [39m[38;5;107mINFO [39m[38;5;188m [[39m[38;5;69morg.apache.ratis.server.RaftServerConfigKeys[39m[38;5;188m] ([39m[38;5;71mnode1-impl-thread1[39m[38;5;188m) [39m[38;5;151mraft.server.snapshot.retention.file.num = -1 (default)[39m[38;5;203m[39m[38;5;227m
[39m[38;5;145m2026-02-28 01:01:03,282[39m[38;5;188m [39m[38;5;107mINFO [39m[38;5;188m [[39m[38;5;69morg.apache.ratis.server.RaftServerConfigKeys[39m[38;5;188m] ([39m[38;5;71mnode1-impl-thread1[39m[38;5;188m) [39m[38;5;151mraft.server.log.purge.upto.snapshot.index = false (default)[39m[38;5;203m[39m[38;5;227m
[39m[38;5;145m2026-02-28 01:01:03,296[39m[38;5;188m [39m[38;5;107mINFO [39m[38;5;188m [[39m[38;5;69morg.apache.ratis.server.RaftServer[39m[38;5;188m] ([39m[38;5;71mQuarkus Main Thread[39m[38;5;188m) [39m[38;5;151mnode1: start RPC server[39m[38;5;203m[39m[38;5;227m
[39m[38;5;145m2026-02-28 01:01:03,449[39m[38;5;188m [39m[38;5;203mERROR[39m[38;5;188m [[39m[38;5;69morg.apache.ratis.grpc.server.GrpcService[39m[38;5;188m] ([39m[38;5;71mQuarkus Main Thread[39m[38;5;188m) [39m[38;5;151mTerminating with exit status 1: Failed to start Grpc server[39m[38;5;203m: java.io.IOException: Failed to bind to address 0.0.0.0/0.0.0.0:9851
	at org.apache.ratis.thirdparty.io.grpc.netty.NettyServer.start(NettyServer.java:326)
	at org.apache.ratis.thirdparty.io.grpc.internal.ServerImpl.start(ServerImpl.java:185)
	at org.apache.ratis.thirdparty.io.grpc.internal.ServerImpl.start(ServerImpl.java:94)
	at org.apache.ratis.grpc.server.GrpcService.startImpl(GrpcService.java:298)
	at org.apache.ratis.util.LifeCycle.startAndTransition(LifeCycle.java:277)
	at org.apache.ratis.server.RaftServerRpcWithProxy.start(RaftServerRpcWithProxy.java:72)
	at org.apache.ratis.server.impl.RaftServerProxy.startImpl(RaftServerProxy.java:407)
	at org.apache.ratis.util.LifeCycle.startAndTransition(LifeCycle.java:277)
	at org.apache.ratis.server.impl.RaftServerProxy.start(RaftServerProxy.java:400)
	at io.dist.cluster.RaftService.onStart(RaftService.java:124)
	at io.dist.cluster.RaftService_Observer_onStart_ov_eMiGqI9ekiPbbY4I__-dSDyA.notify(Unknown Source)
	at io.quarkus.arc.impl.EventImpl$Notifier.notifyObservers(EventImpl.java:366)
	at io.quarkus.arc.impl.EventImpl$Notifier.notify(EventImpl.java:348)
	at io.quarkus.arc.impl.EventImpl.fire(EventImpl.java:81)
	at io.quarkus.arc.runtime.ArcRecorder.fireLifecycleEvent(ArcRecorder.java:165)
	at io.quarkus.arc.runtime.ArcRecorder.handleLifecycleEvents(ArcRecorder.java:115)
	at io.quarkus.runner.recorded.LifecycleEventsBuildStep$startupEvent1144526294.deploy_0(Unknown Source)
	at io.quarkus.runner.recorded.LifecycleEventsBuildStep$startupEvent1144526294.deploy(Unknown Source)
	at io.quarkus.runner.ApplicationImpl.doStart(Unknown Source)
	at io.quarkus.runtime.Application.start(Application.java:116)
	at io.quarkus.runtime.ApplicationLifecycleManager.run(ApplicationLifecycleManager.java:119)
	at io.quarkus.runtime.Quarkus.run(Quarkus.java:79)
	at io.quarkus.runtime.Quarkus.run(Quarkus.java:50)
	at io.quarkus.runtime.Quarkus.run(Quarkus.java:143)
	at io.quarkus.runner.GeneratedMain.main(Unknown Source)
	at java.base/jdk.internal.reflect.DirectMethodHandleAccessor.invoke(DirectMethodHandleAccessor.java:104)
	at java.base/java.lang.reflect.Method.invoke(Method.java:565)
	at io.quarkus.runner.bootstrap.StartupActionImpl$1.run(StartupActionImpl.java:151)
	at java.base/java.lang.Thread.run(Thread.java:1447)
Caused by: org.apache.ratis.thirdparty.io.netty.channel.unix.Errors$NativeIoException: bind(..) failed: Address already in use
[39m[38;5;227m
[39m[38;5;145m2026-02-28 01:01:03,500[39m[38;5;188m [39m[38;5;107mINFO [39m[38;5;188m [[39m[38;5;69morg.apache.ratis.server.impl.FollowerState[39m[38;5;188m] ([39m[38;5;71mnode1@group-A2EED2EFC166-FollowerState[39m[38;5;188m) [39m[38;5;151mnode1@group-A2EED2EFC166-FollowerState: change to CANDIDATE, lastRpcElapsedTime:228613027ns, electionTimeout:217ms[39m[38;5;203m[39m[38;5;227m
[39m[38;5;145m2026-02-28 01:01:03,513[39m[38;5;188m [39m[38;5;107mINFO [39m[38;5;188m [[39m[38;5;69morg.apache.ratis.server.impl.RoleInfo[39m[38;5;188m] ([39m[38;5;71mnode1@group-A2EED2EFC166-FollowerState[39m[38;5;188m) [39m[38;5;151mnode1: shutdown node1@group-A2EED2EFC166-FollowerState[39m[38;5;203m[39m[38;5;227m
[39m[38;5;145m2026-02-28 01:01:03,515[39m[38;5;188m [39m[38;5;107mINFO [39m[38;5;188m [[39m[38;5;69morg.apache.ratis.server.RaftServer$Division[39m[38;5;188m] ([39m[38;5;71mnode1@group-A2EED2EFC166-FollowerState[39m[38;5;188m) [39m[38;5;151mnode1@group-A2EED2EFC166: changes role from  FOLLOWER to CANDIDATE at term 0 for changeToCandidate[39m[38;5;203m[39m[38;5;227m
[39m[38;5;145m2026-02-28 01:01:03,533[39m[38;5;188m [39m[38;5;107mINFO [39m[38;5;188m [[39m[38;5;69morg.apache.ratis.server.RaftServerConfigKeys[39m[38;5;188m] ([39m[38;5;71mnode1@group-A2EED2EFC166-FollowerState[39m[38;5;188m) [39m[38;5;151mraft.server.leaderelection.pre-vote = true (default)[39m[38;5;203m[39m[38;5;227m
[39m[38;5;145m2026-02-28 01:01:03,539[39m[38;5;188m [39m[38;5;107mINFO [39m[38;5;188m [[39m[38;5;69morg.apache.ratis.server.impl.RoleInfo[39m[38;5;188m] ([39m[38;5;71mnode1@group-A2EED2EFC166-FollowerState[39m[38;5;188m) [39m[38;5;151mnode1: start node1@group-A2EED2EFC166-LeaderElection1[39m[38;5;203m[39m[38;5;227m
[39m[38;5;145m2026-02-28 01:01:03,557[39m[38;5;188m [39m[38;5;107mINFO [39m[38;5;188m [[39m[38;5;69morg.apache.ratis.server.impl.LeaderElection[39m[38;5;188m] ([39m[38;5;71mnode1@group-A2EED2EFC166-LeaderElection1[39m[38;5;188m) [39m[38;5;151mnode1@group-A2EED2EFC166-LeaderElection1 PRE_VOTE round 0: submit vote requests at term 0 for -1: peers:[node1|localhost:9851]|listeners:[], old=null[39m[38;5;203m[39m[38;5;227m
[39m[38;5;145m2026-02-28 01:01:03,561[39m[38;5;188m [39m[38;5;107mINFO [39m[38;5;188m [[39m[38;5;69morg.apache.ratis.server.impl.LeaderElection[39m[38;5;188m] ([39m[38;5;71mnode1@group-A2EED2EFC166-LeaderElection1[39m[38;5;188m) [39m[38;5;151mnode1@group-A2EED2EFC166-LeaderElection1 PRE_VOTE round 0: result PASSED (term=0)[39m[38;5;203m[39m[38;5;227m
[39m[38;5;145m2026-02-28 01:01:03,563[39m[38;5;188m [39m[38;5;107mINFO [39m[38;5;188m [[39m[38;5;69morg.apache.ratis.server.impl.LeaderElection[39m[38;5;188m] ([39m[38;5;71mnode1@group-A2EED2EFC166-LeaderElection1[39m[38;5;188m) [39m[38;5;151mnode1@group-A2EED2EFC166-LeaderElection1 ELECTION round 0: submit vote requests at term 1 for -1: peers:[node1|localhost:9851]|listeners:[], old=null[39m[38;5;203m[39m[38;5;227m
[39m[38;5;145m2026-02-28 01:01:03,564[39m[38;5;188m [39m[38;5;107mINFO [39m[38;5;188m [[39m[38;5;69morg.apache.ratis.server.impl.LeaderElection[39m[38;5;188m] ([39m[38;5;71mnode1@group-A2EED2EFC166-LeaderElection1[39m[38;5;188m) [39m[38;5;151mnode1@group-A2EED2EFC166-LeaderElection1 ELECTION round 0: result PASSED (term=1)[39m[38;5;203m[39m[38;5;227m
[39m[38;5;145m2026-02-28 01:01:03,565[39m[38;5;188m [39m[38;5;107mINFO [39m[38;5;188m [[39m[38;5;69morg.apache.ratis.server.impl.RoleInfo[39m[38;5;188m] ([39m[38;5;71mnode1@group-A2EED2EFC166-LeaderElection1[39m[38;5;188m) [39m[38;5;151mnode1: shutdown node1@group-A2EED2EFC166-LeaderElection1[39m[38;5;203m[39m[38;5;227m
[39m[38;5;145m2026-02-28 01:01:03,572[39m[38;5;188m [39m[38;5;107mINFO [39m[38;5;188m [[39m[38;5;69morg.apache.ratis.server.RaftServer$Division[39m[38;5;188m] ([39m[38;5;71mnode1@group-A2EED2EFC166-LeaderElection1[39m[38;5;188m) [39m[38;5;151mnode1@group-A2EED2EFC166: changes role from CANDIDATE to LEADER at term 1 for changeToLeader[39m[38;5;203m[39m[38;5;227m
[39m[38;5;145m2026-02-28 01:01:03,592[39m[38;5;188m [39m[38;5;107mINFO [39m[38;5;188m [[39m[38;5;69morg.apache.ratis.server.RaftServerConfigKeys[39m[38;5;188m] ([39m[38;5;71mnode1@group-A2EED2EFC166-LeaderElection1[39m[38;5;188m) [39m[38;5;151mraft.server.staging.catchup.gap = 1000 (default)[39m[38;5;203m[39m[38;5;227m
[39m[38;5;145m2026-02-28 01:01:03,608[39m[38;5;188m [39m[38;5;107mINFO [39m[38;5;188m [[39m[38;5;69morg.apache.ratis.server.RaftServerConfigKeys[39m[38;5;188m] ([39m[38;5;71mnode1@group-A2EED2EFC166-LeaderElection1[39m[38;5;188m) [39m[38;5;151mraft.server.write.element-limit = 4096 (default)[39m[38;5;203m[39m[38;5;227m
[39m[38;5;145m2026-02-28 01:01:03,612[39m[38;5;188m [39m[38;5;107mINFO [39m[38;5;188m [[39m[38;5;69morg.apache.ratis.server.RaftServerConfigKeys[39m[38;5;188m] ([39m[38;5;71mnode1@group-A2EED2EFC166-LeaderElection1[39m[38;5;188m) [39m[38;5;151mraft.server.write.byte-limit = 64MB (=67108864) (default)[39m[38;5;203m[39m[38;5;227m
[39m[38;5;145m2026-02-28 01:01:03,629[39m[38;5;188m [39m[38;5;107mINFO [39m[38;5;188m [[39m[38;5;69morg.apache.ratis.server.RaftServerConfigKeys[39m[38;5;188m] ([39m[38;5;71mnode1@group-A2EED2EFC166-LeaderElection1[39m[38;5;188m) [39m[38;5;151mraft.server.watch.timeout = 10s (default)[39m[38;5;203m[39m[38;5;227m
[39m[38;5;145m2026-02-28 01:01:03,630[39m[38;5;188m [39m[38;5;107mINFO [39m[38;5;188m [[39m[38;5;69morg.apache.ratis.server.RaftServerConfigKeys[39m[38;5;188m] ([39m[38;5;71mnode1@group-A2EED2EFC166-LeaderElection1[39m[38;5;188m) [39m[38;5;151mraft.server.watch.timeout.denomination = 1s (default)[39m[38;5;203m[39m[38;5;227m
[39m[38;5;145m2026-02-28 01:01:03,633[39m[38;5;188m [39m[38;5;107mINFO [39m[38;5;188m [[39m[38;5;69morg.apache.ratis.server.RaftServerConfigKeys[39m[38;5;188m] ([39m[38;5;71mnode1@group-A2EED2EFC166-LeaderElection1[39m[38;5;188m) [39m[38;5;151mraft.server.watch.element-limit = 65536 (default)[39m[38;5;203m[39m[38;5;227m
[39m[38;5;145m2026-02-28 01:01:03,645[39m[38;5;188m [39m[38;5;107mINFO [39m[38;5;188m [[39m[38;5;69morg.apache.ratis.server.RaftServerConfigKeys[39m[38;5;188m] ([39m[38;5;71mnode1@group-A2EED2EFC166-LeaderElection1[39m[38;5;188m) [39m[38;5;151mraft.server.read.leader.lease.enabled = false (default)[39m[38;5;203m[39m[38;5;227m
[39m[38;5;145m2026-02-28 01:01:03,650[39m[38;5;188m [39m[38;5;107mINFO [39m[38;5;188m [[39m[38;5;69morg.apache.ratis.server.RaftServerConfigKeys[39m[38;5;188m] ([39m[38;5;71mnode1@group-A2EED2EFC166-LeaderElection1[39m[38;5;188m) [39m[38;5;151mraft.server.read.leader.lease.timeout.ratio = 0.9 (default)[39m[38;5;203m[39m[38;5;227m
[39m[38;5;145m2026-02-28 01:01:03,652[39m[38;5;188m [39m[38;5;107mINFO [39m[38;5;188m [[39m[38;5;69morg.apache.ratis.server.RaftServerConfigKeys[39m[38;5;188m] ([39m[38;5;71mnode1@group-A2EED2EFC166-LeaderElection1[39m[38;5;188m) [39m[38;5;151mraft.server.rpc.timeout.min = 150ms (default)[39m[38;5;203m[39m[38;5;227m
[39m[38;5;145m2026-02-28 01:01:03,652[39m[38;5;188m [39m[38;5;107mINFO [39m[38;5;188m [[39m[38;5;69morg.apache.ratis.server.RaftServerConfigKeys[39m[38;5;188m] ([39m[38;5;71mnode1@group-A2EED2EFC166-LeaderElection1[39m[38;5;188m) [39m[38;5;151mraft.server.write.element-limit = 4096 (default)[39m[38;5;203m[39m[38;5;227m
[39m[38;5;145m2026-02-28 01:01:03,653[39m[38;5;188m [39m[38;5;107mINFO [39m[38;5;188m [[39m[38;5;69morg.apache.ratis.server.RaftServerConfigKeys[39m[38;5;188m] ([39m[38;5;71mnode1@group-A2EED2EFC166-LeaderElection1[39m[38;5;188m) [39m[38;5;151mraft.server.write.follower.gap.ratio.max = -1.0 (default)[39m[38;5;203m[39m[38;5;227m
[39m[38;5;145m2026-02-28 01:01:03,661[39m[38;5;188m [39m[38;5;107mINFO [39m[38;5;188m [[39m[38;5;69morg.apache.ratis.server.impl.RoleInfo[39m[38;5;188m] ([39m[38;5;71mnode1@group-A2EED2EFC166-LeaderElection1[39m[38;5;188m) [39m[38;5;151mnode1: start node1@group-A2EED2EFC166-LeaderStateImpl[39m[38;5;203m[39m[38;5;227m
[39m[38;5;145m2026-02-28 01:01:03,662[39m[38;5;188m [39m[38;5;107mINFO [39m[38;5;188m [[39m[38;5;69morg.apache.ratis.server.RaftServer$Division[39m[38;5;188m] ([39m[38;5;71mnode1@group-A2EED2EFC166-LeaderElection1[39m[38;5;188m) [39m[38;5;151mnode1@group-A2EED2EFC166: set firstElectionSinceStartup to false for becomeLeader[39m[38;5;203m[39m[38;5;227m
[39m[38;5;145m2026-02-28 01:01:03,666[39m[38;5;188m [39m[38;5;107mINFO [39m[38;5;188m [[39m[38;5;69morg.apache.ratis.server.RaftServer$Division[39m[38;5;188m] ([39m[38;5;71mnode1@group-A2EED2EFC166-LeaderElection1[39m[38;5;188m) [39m[38;5;151mnode1@group-A2EED2EFC166: change Leader from null to node1 at term 1 for becomeLeader, leader elected after 824ms[39m[38;5;203m[39m[38;5;227m
[39m[38;5;145m2026-02-28 01:01:03,717[39m[38;5;188m [39m[38;5;107mINFO [39m[38;5;188m [[39m[38;5;69morg.apache.ratis.server.RaftServer$Division[39m[38;5;188m] ([39m[38;5;71mnode1@group-A2EED2EFC166-LeaderElection1[39m[38;5;188m) [39m[38;5;151mnode1@group-A2EED2EFC166: set configuration 0: peers:[node1|localhost:9851]|listeners:[], old=null[39m[38;5;203m[39m[38;5;227m
[39m